2024-09-28 11:53:25,351 - __main__ - INFO - Starting to roll the dice.
2024-09-28 11:53:25,359 - __main__ - DEBUG - Rolled dice1: 2, dice2: 1
2024-09-28 11:53:32,150 - __main__ - INFO - Starting to roll the dice.
2024-09-28 11:53:32,150 - __main__ - DEBUG - Rolled dice1: 5, dice2: 5
2024-09-28 11:53:32,150 - __main__ - INFO - Rolled neither 1 nor 6: (5, 5)
2024-09-28 11:53:39,461 - __main__ - INFO - Starting to roll the dice.
2024-09-28 11:53:39,461 - __main__ - DEBUG - Rolled dice1: 3, dice2: 4
2024-09-28 11:53:39,461 - __main__ - INFO - Rolled neither 1 nor 6: (3, 4)
2024-09-28 11:53:41,221 - __main__ - INFO - Starting to roll the dice.
2024-09-28 11:53:41,237 - __main__ - DEBUG - Rolled dice1: 6, dice2: 6
2024-09-28 11:53:41,237 - __main__ - INFO - Both dice are 6, incrementing attempt: 1
2024-09-28 11:53:41,239 - __main__ - DEBUG - Rolled dice1: 1, dice2: 4
2024-09-28 11:55:23,262 - roll_dice3 - INFO - Starting to roll the dice.
2024-09-28 11:55:23,262 - roll_dice3 - DEBUG - Rolled dice1: 1, dice2: 5
2024-09-28 11:56:03,527 - roll_dice3 - INFO - Starting to roll the dice.
2024-09-28 11:56:03,527 - roll_dice3 - DEBUG - Rolled dice1: 6, dice2: 5
2024-09-28 11:56:08,742 - roll_dice3 - INFO - Starting to roll the dice.
2024-09-28 11:56:08,758 - roll_dice3 - DEBUG - Rolled dice1: 2, dice2: 3
2024-09-28 11:56:08,758 - roll_dice3 - INFO - Rolled neither 1 nor 6: (2, 3)
2024-09-28 12:05:53,084 - __main__ - INFO - Starting to roll the dice.
2024-09-28 12:05:53,084 - __main__ - DEBUG - Rolled dice1: 6, dice2: 2
2024-09-28 12:05:55,991 - roll_dice3 - INFO - Starting to roll the dice.
2024-09-28 12:05:55,991 - roll_dice3 - DEBUG - Rolled dice1: 5, dice2: 5
2024-09-28 12:05:55,991 - roll_dice3 - INFO - Rolled neither 1 nor 6: (5, 5)
2024-09-28 13:15:31,357 - roll_dice3 - INFO - Starting to roll the dice.
2024-09-28 13:15:31,357 - roll_dice3 - DEBUG - Rolled dice1: 3, dice2: 4
2024-09-28 13:15:31,357 - roll_dice3 - INFO - Rolled neither 1 nor 6: (3, 4)
2024-09-28 13:15:42,140 - roll_dice3 - INFO - Starting to roll the dice.
2024-09-28 13:15:42,140 - roll_dice3 - DEBUG - Rolled dice1: 6, dice2: 3
2024-09-28 13:15:44,031 - roll_dice3 - INFO - Starting to roll the dice.
2024-09-28 13:15:44,032 - roll_dice3 - DEBUG - Rolled dice1: 4, dice2: 5
2024-09-28 13:15:44,033 - roll_dice3 - INFO - Rolled neither 1 nor 6: (4, 5)
2024-09-28 13:15:48,758 - roll_dice3 - INFO - Starting to roll the dice.
2024-09-28 13:15:48,758 - roll_dice3 - DEBUG - Rolled dice1: 2, dice2: 6
2024-09-28 13:15:58,391 - roll_dice3 - INFO - Starting to roll the dice.
2024-09-28 13:15:58,391 - roll_dice3 - DEBUG - Rolled dice1: 5, dice2: 6
2024-09-28 13:16:09,405 - roll_dice3 - INFO - Starting to roll the dice.
2024-09-28 13:16:09,405 - roll_dice3 - DEBUG - Rolled dice1: 1, dice2: 3
2024-09-28 13:26:16,126 - roll_dice3 - INFO - Starting to roll the dice.
2024-09-28 13:26:16,127 - roll_dice3 - DEBUG - Rolled dice1: 1, dice2: 1
2024-09-28 13:26:16,128 - roll_dice3 - DEBUG - Rolled dice1: 2, dice2: 4
2024-09-28 13:26:16,128 - roll_dice3 - INFO - Rolled neither 1 nor 6: (2, 4)
2024-09-28 13:26:16,128 - roll_dice3 - INFO - Starting to roll the dice.
2024-09-28 13:26:16,129 - roll_dice3 - DEBUG - Rolled dice1: 6, dice2: 6
2024-09-28 13:26:16,129 - roll_dice3 - DEBUG - Rolled dice1: 3, dice2: 4
2024-09-28 13:26:16,129 - roll_dice3 - INFO - Rolled neither 1 nor 6: (3, 4)
2024-09-28 13:26:16,130 - roll_dice3 - INFO - Starting to roll the dice.
2024-09-28 13:26:16,130 - roll_dice3 - DEBUG - Rolled dice1: 1, dice2: 1
2024-09-28 13:26:16,131 - roll_dice3 - DEBUG - Rolled dice1: 6, dice2: 6
2024-09-28 13:26:16,131 - roll_dice3 - DEBUG - Rolled dice1: 6, dice2: 6
2024-09-28 13:26:16,132 - roll_dice3 - INFO - Exceeded maximum attempts.
2024-09-28 13:26:16,132 - roll_dice3 - INFO - Starting to roll the dice.
2024-09-28 13:26:16,132 - roll_dice3 - DEBUG - Rolled dice1: 3, dice2: 4
2024-09-28 13:26:16,132 - roll_dice3 - INFO - Rolled neither 1 nor 6: (3, 4)
2024-09-28 13:27:00,700 - roll_dice3 - INFO - Starting to roll the dice.
2024-09-28 13:27:00,700 - roll_dice3 - DEBUG - Rolled dice1: 1, dice2: 1
2024-09-28 13:27:00,700 - roll_dice3 - INFO - Both dice are 1, attempt: 1
2024-09-28 13:27:00,700 - roll_dice3 - DEBUG - Rolled dice1: 2, dice2: 4
2024-09-28 13:27:00,700 - roll_dice3 - INFO - Rolled neither 1 nor 6: (2, 4)
2024-09-28 13:27:00,700 - roll_dice3 - INFO - Starting to roll the dice.
2024-09-28 13:27:00,700 - roll_dice3 - DEBUG - Rolled dice1: 6, dice2: 6
2024-09-28 13:27:00,700 - roll_dice3 - INFO - Both dice are 6,  attempt: 1
2024-09-28 13:27:00,700 - roll_dice3 - DEBUG - Rolled dice1: 3, dice2: 4
2024-09-28 13:27:00,700 - roll_dice3 - INFO - Rolled neither 1 nor 6: (3, 4)
2024-09-28 13:27:00,700 - roll_dice3 - INFO - Starting to roll the dice.
2024-09-28 13:27:00,700 - roll_dice3 - DEBUG - Rolled dice1: 1, dice2: 1
2024-09-28 13:27:00,700 - roll_dice3 - INFO - Both dice are 1, attempt: 1
2024-09-28 13:27:00,700 - roll_dice3 - DEBUG - Rolled dice1: 6, dice2: 6
2024-09-28 13:27:00,700 - roll_dice3 - INFO - Both dice are 6,  attempt: 2
2024-09-28 13:27:00,700 - roll_dice3 - DEBUG - Rolled dice1: 6, dice2: 6
2024-09-28 13:27:00,700 - roll_dice3 - INFO - Both dice are 6,  attempt: 3
2024-09-28 13:27:00,700 - roll_dice3 - INFO - Exceeded maximum attempts.
2024-09-28 13:27:00,700 - roll_dice3 - INFO - Starting to roll the dice.
2024-09-28 13:27:00,700 - roll_dice3 - DEBUG - Rolled dice1: 3, dice2: 4
2024-09-28 13:27:00,710 - roll_dice3 - INFO - Rolled neither 1 nor 6: (3, 4)
2024-09-28 13:27:54,513 - roll_dice3 - INFO - Starting to roll the dice.
2024-09-28 13:27:54,513 - roll_dice3 - DEBUG - Rolled dice1: 1, dice2: 1
2024-09-28 13:27:54,513 - roll_dice3 - INFO - Both dice are 1, attempt: 1
2024-09-28 13:27:54,513 - roll_dice3 - DEBUG - Rolled dice1: 2, dice2: 4
2024-09-28 13:27:54,513 - roll_dice3 - INFO - Rolled neither 1 nor 6: (2, 4)
2024-09-28 13:27:54,513 - roll_dice3 - INFO - Starting to roll the dice.
2024-09-28 13:27:54,526 - roll_dice3 - DEBUG - Rolled dice1: 6, dice2: 6
2024-09-28 13:27:54,526 - roll_dice3 - INFO - Both dice are 6,  attempt: 1
2024-09-28 13:27:54,527 - roll_dice3 - DEBUG - Rolled dice1: 3, dice2: 4
2024-09-28 13:27:54,527 - roll_dice3 - INFO - Rolled neither 1 nor 6: (3, 4)
2024-09-28 13:27:54,527 - roll_dice3 - INFO - Starting to roll the dice.
2024-09-28 13:27:54,527 - roll_dice3 - DEBUG - Rolled dice1: 1, dice2: 1
2024-09-28 13:27:54,527 - roll_dice3 - INFO - Both dice are 1, attempt: 1
2024-09-28 13:27:54,527 - roll_dice3 - DEBUG - Rolled dice1: 6, dice2: 6
2024-09-28 13:27:54,527 - roll_dice3 - INFO - Both dice are 6,  attempt: 2
2024-09-28 13:27:54,531 - roll_dice3 - DEBUG - Rolled dice1: 6, dice2: 6
2024-09-28 13:27:54,531 - roll_dice3 - INFO - Both dice are 6,  attempt: 3
2024-09-28 13:27:54,531 - roll_dice3 - INFO - Exceeded maximum attempts.
2024-09-28 13:27:54,532 - roll_dice3 - INFO - Starting to roll the dice.
2024-09-28 13:27:54,532 - roll_dice3 - DEBUG - Rolled dice1: 3, dice2: 4
2024-09-28 13:27:54,533 - roll_dice3 - INFO - Rolled neither 1 nor 6: (3, 4)
2024-09-28 13:28:22,790 - roll_dice3 - INFO - Starting to roll the dice.
2024-09-28 13:28:22,790 - roll_dice3 - DEBUG - Rolled dice1: 1, dice2: 1
2024-09-28 13:28:22,790 - roll_dice3 - INFO - Both dice are 1, attempt: 1
2024-09-28 13:28:22,805 - roll_dice3 - DEBUG - Rolled dice1: 2, dice2: 4
2024-09-28 13:28:22,805 - roll_dice3 - INFO - Rolled neither 1 nor 6: (2, 4)
2024-09-28 13:28:22,805 - roll_dice3 - INFO - Starting to roll the dice.
2024-09-28 13:28:22,808 - roll_dice3 - DEBUG - Rolled dice1: 6, dice2: 6
2024-09-28 13:28:22,808 - roll_dice3 - INFO - Both dice are 6,  attempt: 1
2024-09-28 13:28:22,808 - roll_dice3 - DEBUG - Rolled dice1: 3, dice2: 4
2024-09-28 13:28:22,815 - roll_dice3 - INFO - Rolled neither 1 nor 6: (3, 4)
2024-09-28 13:28:22,818 - roll_dice3 - INFO - Starting to roll the dice.
2024-09-28 13:28:22,818 - roll_dice3 - DEBUG - Rolled dice1: 1, dice2: 1
2024-09-28 13:28:22,819 - roll_dice3 - INFO - Both dice are 1, attempt: 1
2024-09-28 13:28:22,819 - roll_dice3 - DEBUG - Rolled dice1: 6, dice2: 6
2024-09-28 13:28:22,819 - roll_dice3 - INFO - Both dice are 6,  attempt: 2
2024-09-28 13:28:22,820 - roll_dice3 - DEBUG - Rolled dice1: 6, dice2: 6
2024-09-28 13:28:22,821 - roll_dice3 - INFO - Both dice are 6,  attempt: 3
2024-09-28 13:28:22,826 - roll_dice3 - INFO - Exceeded maximum attempts.
2024-09-28 13:28:22,827 - roll_dice3 - INFO - Starting to roll the dice.
2024-09-28 13:28:22,828 - roll_dice3 - DEBUG - Rolled dice1: 3, dice2: 4
2024-09-28 13:28:22,828 - roll_dice3 - INFO - Rolled neither 1 nor 6: (3, 4)
2024-09-28 13:29:03,671 - roll_dice3 - INFO - Starting to roll the dice.
2024-09-28 13:29:03,671 - roll_dice3 - DEBUG - Rolled dice1: 1, dice2: 1
2024-09-28 13:29:03,671 - roll_dice3 - INFO - Both dice are 1, attempt: 1
2024-09-28 13:29:03,692 - roll_dice3 - DEBUG - Rolled dice1: 2, dice2: 4
2024-09-28 13:29:03,693 - roll_dice3 - INFO - Rolled neither 1 nor 6: (2, 4)
2024-09-28 13:29:03,694 - roll_dice3 - INFO - Starting to roll the dice.
2024-09-28 13:29:03,694 - roll_dice3 - DEBUG - Rolled dice1: 6, dice2: 6
2024-09-28 13:29:03,695 - roll_dice3 - INFO - Both dice are 6,  attempt: 1
2024-09-28 13:29:03,695 - roll_dice3 - DEBUG - Rolled dice1: 3, dice2: 4
2024-09-28 13:29:03,696 - roll_dice3 - INFO - Rolled neither 1 nor 6: (3, 4)
2024-09-28 13:29:03,697 - roll_dice3 - INFO - Starting to roll the dice.
2024-09-28 13:29:03,697 - roll_dice3 - DEBUG - Rolled dice1: 1, dice2: 1
2024-09-28 13:29:03,698 - roll_dice3 - INFO - Both dice are 1, attempt: 1
2024-09-28 13:29:03,698 - roll_dice3 - DEBUG - Rolled dice1: 6, dice2: 6
2024-09-28 13:29:03,698 - roll_dice3 - INFO - Both dice are 6,  attempt: 2
2024-09-28 13:29:03,699 - roll_dice3 - DEBUG - Rolled dice1: 6, dice2: 6
2024-09-28 13:29:03,699 - roll_dice3 - INFO - Both dice are 6,  attempt: 3
2024-09-28 13:29:03,706 - roll_dice3 - INFO - Exceeded maximum attempts.
2024-09-28 13:29:03,709 - roll_dice3 - INFO - Starting to roll the dice.
2024-09-28 13:29:03,709 - roll_dice3 - DEBUG - Rolled dice1: 3, dice2: 4
2024-09-28 13:29:03,710 - roll_dice3 - INFO - Rolled neither 1 nor 6: (3, 4)
2024-09-28 13:31:40,349 - __main__ - INFO - Starting to roll the dice.
2024-09-28 13:31:40,349 - __main__ - DEBUG - Rolled dice1: 2, dice2: 6
2024-09-28 13:31:50,316 - __main__ - INFO - Starting to roll the dice.
2024-09-28 13:31:50,316 - __main__ - DEBUG - Rolled dice1: 5, dice2: 5
2024-09-28 13:31:50,316 - __main__ - INFO - Rolled neither 1 nor 6: (5, 5)
2024-09-28 13:31:56,163 - __main__ - INFO - Starting to roll the dice.
2024-09-28 13:31:56,163 - __main__ - DEBUG - Rolled dice1: 1, dice2: 4
2024-09-28 13:32:12,012 - __main__ - INFO - Starting to roll the dice.
2024-09-28 13:32:12,013 - __main__ - DEBUG - Rolled dice1: 6, dice2: 6
2024-09-28 13:32:12,014 - __main__ - INFO - Both dice are 6,  attempt: 1
2024-09-28 13:32:12,014 - __main__ - DEBUG - Rolled dice1: 1, dice2: 5
2024-09-28 13:33:18,819 - __main__ - INFO - Starting to roll the dice.
2024-09-28 13:33:18,819 - __main__ - DEBUG - Rolled dice1: 1, dice2: 2
2024-09-28 13:34:20,495 - __main__ - INFO - Starting to roll the dice.
2024-09-28 13:34:20,495 - __main__ - DEBUG - Rolled dice1: 1, dice2: 2
2024-09-28 13:34:24,261 - __main__ - INFO - Starting to roll the dice.
2024-09-28 13:34:24,261 - __main__ - DEBUG - Rolled dice1: 1, dice2: 5
2024-09-28 13:34:25,377 - __main__ - INFO - Starting to roll the dice.
2024-09-28 13:34:25,379 - __main__ - DEBUG - Rolled dice1: 6, dice2: 1
2024-09-28 13:34:29,276 - __main__ - INFO - Starting to roll the dice.
2024-09-28 13:34:29,276 - __main__ - DEBUG - Rolled dice1: 5, dice2: 5
2024-09-28 13:34:29,276 - __main__ - INFO - Rolled neither 1 nor 6: (5, 5)
2024-09-28 13:35:48,921 - __main__ - INFO - Starting to roll the dice.
2024-09-28 13:35:48,921 - __main__ - DEBUG - Rolled dice1: 4, dice2: 4
2024-09-28 13:35:48,921 - __main__ - INFO - Rolled neither 1 nor 6: (4, 4)
2024-09-28 13:35:54,416 - __main__ - INFO - Starting to roll the dice.
2024-09-28 13:35:54,417 - __main__ - DEBUG - Rolled dice1: 5, dice2: 2
2024-09-28 13:35:54,417 - __main__ - INFO - Rolled neither 1 nor 6: (5, 2)
2024-09-28 13:35:57,191 - __main__ - INFO - Starting to roll the dice.
2024-09-28 13:35:57,191 - __main__ - DEBUG - Rolled dice1: 6, dice2: 2
2024-09-28 13:35:57,191 - __main__ - INFO - Rolled neither 1 nor 6: (6, 2)
2024-09-28 13:37:13,135 - __main__ - INFO - Starting to roll the dice.
2024-09-28 13:37:13,136 - __main__ - DEBUG - Rolled dice1: 3, dice2: 1
2024-09-28 13:37:13,136 - __main__ - INFO - Rolled neither 1 nor 6: (3, 1)
2024-09-28 13:37:29,308 - __main__ - INFO - Starting to roll the dice.
2024-09-28 13:37:29,308 - __main__ - DEBUG - Rolled dice1: 2, dice2: 2
2024-09-28 13:37:29,308 - __main__ - INFO - Rolled neither 1 nor 6: (2, 2)
2024-09-28 13:37:31,637 - __main__ - INFO - Starting to roll the dice.
2024-09-28 13:37:31,637 - __main__ - DEBUG - Rolled dice1: 3, dice2: 2
2024-09-28 13:37:31,637 - __main__ - INFO - Rolled neither 1 nor 6: (3, 2)
2024-09-28 13:37:41,596 - __main__ - INFO - Starting to roll the dice.
2024-09-28 13:37:41,597 - __main__ - DEBUG - Rolled dice1: 2, dice2: 2
2024-09-28 13:37:41,597 - __main__ - INFO - Rolled neither 1 nor 6: (2, 2)
2024-09-28 13:37:45,397 - __main__ - INFO - Starting to roll the dice.
2024-09-28 13:37:45,397 - __main__ - DEBUG - Rolled dice1: 2, dice2: 6
2024-09-28 13:37:45,398 - __main__ - INFO - Rolled neither 1 nor 6: (2, 6)
2024-09-28 13:37:47,035 - __main__ - INFO - Starting to roll the dice.
2024-09-28 13:37:47,035 - __main__ - DEBUG - Rolled dice1: 1, dice2: 1
2024-09-28 13:37:47,035 - __main__ - INFO - Both dice are 1, attempt: 1
2024-09-28 13:37:47,035 - __main__ - DEBUG - Rolled dice1: 5, dice2: 1
2024-09-28 13:37:47,035 - __main__ - INFO - Rolled neither 1 nor 6: (5, 1)
2024-09-28 13:38:46,861 - __main__ - INFO - Starting to roll the dice.
2024-09-28 13:38:46,861 - __main__ - DEBUG - Rolled dice1: 3, dice2: 4
2024-09-28 13:38:46,861 - __main__ - INFO - Rolled neither 1 nor 6: (3, 4)
2024-09-28 13:41:35,961 - __main__ - INFO - Starting to roll the dice.
2024-09-28 13:41:35,961 - __main__ - DEBUG - Rolled dice1: 4, dice2: 1
2024-09-28 13:41:35,961 - __main__ - INFO - Rolled neither 1 nor 6:  (4, 1)
2024-09-28 13:45:59,053 - __main__ - INFO - Starting to roll the dice.
2024-09-28 13:45:59,053 - __main__ - DEBUG - Rolled dice1: 2, dice2: 5
2024-09-28 13:45:59,053 - __main__ - INFO - Rolled neither 1 nor 6: (2, 5)
2024-09-28 13:46:03,341 - __main__ - INFO - Starting to roll the dice.
2024-09-28 13:46:03,341 - __main__ - DEBUG - Rolled dice1: 1, dice2: 1
2024-09-28 13:46:03,341 - __main__ - INFO - Both dice are 1, attempt: 1
2024-09-28 13:46:03,341 - __main__ - DEBUG - Rolled dice1: 2, dice2: 3
2024-09-28 13:46:03,341 - __main__ - INFO - Rolled neither 1 nor 6: (2, 3)
2024-09-28 13:46:07,220 - __main__ - INFO - Starting to roll the dice.
2024-09-28 13:46:07,220 - __main__ - DEBUG - Rolled dice1: 2, dice2: 3
2024-09-28 13:46:07,220 - __main__ - INFO - Rolled neither 1 nor 6: (2, 3)
2024-09-28 13:46:08,956 - __main__ - INFO - Starting to roll the dice.
2024-09-28 13:46:08,956 - __main__ - DEBUG - Rolled dice1: 2, dice2: 4
2024-09-28 13:46:08,956 - __main__ - INFO - Rolled neither 1 nor 6: (2, 4)
2024-09-28 13:46:10,920 - __main__ - INFO - Starting to roll the dice.
2024-09-28 13:46:10,920 - __main__ - DEBUG - Rolled dice1: 4, dice2: 2
2024-09-28 13:46:10,920 - __main__ - INFO - Rolled neither 1 nor 6: (4, 2)
2024-09-28 13:46:12,153 - __main__ - INFO - Starting to roll the dice.
2024-09-28 13:46:12,153 - __main__ - DEBUG - Rolled dice1: 2, dice2: 4
2024-09-28 13:46:12,153 - __main__ - INFO - Rolled neither 1 nor 6: (2, 4)
2024-09-28 13:46:13,336 - __main__ - INFO - Starting to roll the dice.
2024-09-28 13:46:13,336 - __main__ - DEBUG - Rolled dice1: 2, dice2: 4
2024-09-28 13:46:13,336 - __main__ - INFO - Rolled neither 1 nor 6: (2, 4)
2024-09-28 13:46:14,553 - __main__ - INFO - Starting to roll the dice.
2024-09-28 13:46:14,553 - __main__ - DEBUG - Rolled dice1: 6, dice2: 2
2024-09-28 13:46:58,721 - __main__ - INFO - Starting to roll the dice.
2024-09-28 13:46:58,723 - __main__ - DEBUG - Rolled dice1: 3, dice2: 3
2024-09-28 13:46:58,723 - __main__ - INFO - Rolled neither 1 nor 6: (3, 3)
2024-09-28 13:47:01,893 - __main__ - INFO - Starting to roll the dice.
2024-09-28 13:47:01,893 - __main__ - DEBUG - Rolled dice1: 1, dice2: 3
2024-09-28 13:47:07,106 - roll_dice3 - INFO - Starting to roll the dice.
2024-09-28 13:47:07,106 - roll_dice3 - DEBUG - Rolled dice1: 1, dice2: 1
2024-09-28 13:47:07,106 - roll_dice3 - INFO - Both dice are 1, attempt: 1
2024-09-28 13:47:07,106 - roll_dice3 - DEBUG - Rolled dice1: 2, dice2: 4
2024-09-28 13:47:07,106 - roll_dice3 - INFO - Rolled neither 1 nor 6: (2, 4)
2024-09-28 13:47:07,106 - roll_dice3 - INFO - Starting to roll the dice.
2024-09-28 13:47:07,106 - roll_dice3 - DEBUG - Rolled dice1: 6, dice2: 6
2024-09-28 13:47:07,106 - roll_dice3 - INFO - Both dice are 6,  attempt: 1
2024-09-28 13:47:07,106 - roll_dice3 - DEBUG - Rolled dice1: 3, dice2: 4
2024-09-28 13:47:07,106 - roll_dice3 - INFO - Rolled neither 1 nor 6: (3, 4)
2024-09-28 13:47:07,117 - roll_dice3 - INFO - Starting to roll the dice.
2024-09-28 13:47:07,117 - roll_dice3 - DEBUG - Rolled dice1: 1, dice2: 1
2024-09-28 13:47:07,117 - roll_dice3 - INFO - Both dice are 1, attempt: 1
2024-09-28 13:47:07,118 - roll_dice3 - DEBUG - Rolled dice1: 6, dice2: 6
2024-09-28 13:47:07,118 - roll_dice3 - INFO - Both dice are 6,  attempt: 2
2024-09-28 13:47:07,118 - roll_dice3 - DEBUG - Rolled dice1: 6, dice2: 6
2024-09-28 13:47:07,118 - roll_dice3 - INFO - Both dice are 6,  attempt: 3
2024-09-28 13:47:07,119 - roll_dice3 - INFO - Exceeded maximum attempts.
2024-09-28 13:47:07,119 - roll_dice3 - INFO - Starting to roll the dice.
2024-09-28 13:47:07,120 - roll_dice3 - DEBUG - Rolled dice1: 3, dice2: 4
2024-09-28 13:47:07,120 - roll_dice3 - INFO - Rolled neither 1 nor 6: (3, 4)
2024-09-28 14:07:11,458 - __main__ - INFO - Starting to roll the dice.
2024-09-28 14:07:13,753 - __main__ - INFO - Starting to roll the dice.
2024-09-28 14:07:14,756 - __main__ - INFO - Starting to roll the dice.
2024-09-28 14:07:26,491 - __main__ - INFO - Starting to roll the dice.
2024-09-28 14:07:26,491 - __main__ - DEBUG - Rolled dice1: 6, dice2: 1
